<?xml version="1.0" encoding="UTF-8"?>
<!-- Generated by org.testng.reporters.JUnitReportReporter -->
<testsuite hostname="admin-1" failures="0" tests="5" name="com.bridgelabz.fundoo.restassured.LabelImplRestAssuredTest" time="1.283" errors="0" timestamp="2019-12-12T13:02:41 IST" skipped="0">
  <testcase classname="com.bridgelabz.fundoo.restassured.LabelImplRestAssuredTest" name="addlabeltonoteApiTest" time="1.140"/>
  <testcase classname="com.bridgelabz.fundoo.restassured.LabelImplRestAssuredTest" name="findlabelApiTest" time="0.045"/>
  <testcase classname="com.bridgelabz.fundoo.restassured.LabelImplRestAssuredTest" name="showlabelApiTest" time="0.023"/>
  <testcase classname="com.bridgelabz.fundoo.restassured.LabelImplRestAssuredTest" name="createLabelApiTest" time="0.049"/>
  <testcase classname="com.bridgelabz.fundoo.restassured.LabelImplRestAssuredTest" name="updatelabelApiTest" time="0.026"/>
</testsuite> <!-- com.bridgelabz.fundoo.restassured.LabelImplRestAssuredTest -->
