<?xml version="1.0" encoding="UTF-8"?>
<!-- Generated by org.testng.reporters.JUnitReportReporter -->
<testsuite hostname="admin-1" failures="0" tests="6" name="com.bridgelabz.fundoo.restassured.ServiceImplRestAssuredTest" time="14.635" errors="0" timestamp="2019-12-12T14:51:29 IST" skipped="0">
  <testcase classname="com.bridgelabz.fundoo.restassured.ServiceImplRestAssuredTest" name="resetPasswordTest" time="0.031"/>
  <testcase classname="com.bridgelabz.fundoo.restassured.ServiceImplRestAssuredTest" name="searchUserApiTest" time="0.020"/>
  <testcase classname="com.bridgelabz.fundoo.restassured.ServiceImplRestAssuredTest" name="forgetPasswordTest" time="4.640"/>
  <testcase classname="com.bridgelabz.fundoo.restassured.ServiceImplRestAssuredTest" name="addUserApiTest" time="9.730"/>
  <testcase classname="com.bridgelabz.fundoo.restassured.ServiceImplRestAssuredTest" name="searchAllUserApiTest" time="0.028"/>
  <testcase classname="com.bridgelabz.fundoo.restassured.ServiceImplRestAssuredTest" name="loginApiTest" time="0.186"/>
</testsuite> <!-- com.bridgelabz.fundoo.restassured.ServiceImplRestAssuredTest -->
